<?xml version="1.0" encoding="utf-8"?><testsuites><testsuite name="pytest" errors="0" failures="0" skipped="0" tests="8" time="36.941" timestamp="2025-09-25T15:34:34.210072" hostname="Rosh"><testcase classname="tests.test_authentication.TestAuthentication" name="test_valid_login" time="3.907" /><testcase classname="tests.test_authentication.TestAuthentication" name="test_invalid_login" time="9.422" /><testcase classname="tests.test_authentication.TestAuthentication" name="test_empty_credentials" time="4.259" /><testcase classname="tests.test_authentication.TestAuthentication" name="test_empty_username" time="3.587" /><testcase classname="tests.test_authentication.TestAuthentication" name="test_empty_password" time="3.648" /><testcase classname="tests.test_authentication.TestAuthentication" name="test_logout_functionality" time="5.142" /><testcase classname="tests.test_authentication.TestAuthentication" name="test_case_sensitive_username" time="3.492" /><testcase classname="tests.test_authentication.TestAuthentication" name="test_case_sensitive_password" time="3.325" /></testsuite></testsuites>