<?xml version="1.0" encoding="utf-8"?><testsuites><testsuite name="pytest" errors="0" failures="0" skipped="0" tests="2" time="16.190" timestamp="2025-09-25T12:37:41.566468" hostname="Rosh"><testcase classname="tests.test_authentication.TestAuthentication" name="test_valid_login" time="8.239" /><testcase classname="tests.test_authentication.TestAuthentication" name="test_invalid_login" time="5.407" /><testcase time="2.032" /></testsuite></testsuites>