<?xml version="1.0" encoding="utf-8"?><testsuites><testsuite name="pytest" errors="0" failures="0" skipped="0" tests="42" time="174.867" timestamp="2025-09-25T15:26:22.872818" hostname="Rosh"><testcase classname="tests.test_alerts.TestJavaScriptAlerts" name="test_simple_alert" time="7.369" /><testcase classname="tests.test_alerts.TestJavaScriptAlerts" name="test_confirm_accept" time="3.846" /><testcase classname="tests.test_alerts.TestJavaScriptAlerts" name="test_confirm_dismiss" time="4.093" /><testcase classname="tests.test_alerts.TestJavaScriptAlerts" name="test_prompt_with_text" time="3.825" /><testcase classname="tests.test_alerts.TestJavaScriptAlerts" name="test_prompt_with_empty_text" time="3.802" /><testcase classname="tests.test_alerts.TestJavaScriptAlerts" name="test_prompt_dismiss" time="3.783" /><testcase classname="tests.test_alerts.TestJavaScriptAlerts" name="test_multiple_alerts_sequence" time="6.064" /><testcase classname="tests.test_alerts.TestJavaScriptAlerts" name="test_dialog_properties" time="4.540" /><testcase classname="tests.test_alerts.TestJavaScriptAlerts" name="test_alert_buttons_present" time="7.813" /><testcase classname="tests.test_alerts.TestJavaScriptAlerts" name="test_prompt_with_special_characters" time="3.875" /><testcase classname="tests.test_authentication.TestAuthentication" name="test_valid_login" time="3.432" /><testcase classname="tests.test_authentication.TestAuthentication" name="test_invalid_login" time="9.371" /><testcase classname="tests.test_authentication.TestAuthentication" name="test_empty_credentials" time="3.353" /><testcase classname="tests.test_authentication.TestAuthentication" name="test_empty_username" time="3.275" /><testcase classname="tests.test_authentication.TestAuthentication" name="test_empty_password" time="3.297" /><testcase classname="tests.test_authentication.TestAuthentication" name="test_logout_functionality" time="4.788" /><testcase classname="tests.test_authentication.TestAuthentication" name="test_case_sensitive_username" time="3.299" /><testcase classname="tests.test_authentication.TestAuthentication" name="test_case_sensitive_password" time="3.287" /><testcase classname="tests.test_elements.TestAddRemoveElements" name="test_add_single_element" time="2.752" /><testcase classname="tests.test_elements.TestAddRemoveElements" name="test_add_multiple_elements" time="2.902" /><testcase classname="tests.test_elements.TestAddRemoveElements" name="test_remove_single_element" time="2.881" /><testcase classname="tests.test_elements.TestAddRemoveElements" name="test_remove_all_elements" time="3.054" /><testcase classname="tests.test_elements.TestAddRemoveElements" name="test_add_and_remove_sequence" time="3.237" /><testcase classname="tests.test_elements.TestCheckboxes" name="test_checkbox_initial_states" time="2.675" /><testcase classname="tests.test_elements.TestCheckboxes" name="test_click_unchecked_checkbox" time="2.764" /><testcase classname="tests.test_elements.TestCheckboxes" name="test_click_checked_checkbox" time="2.778" /><testcase classname="tests.test_elements.TestCheckboxes" name="test_check_checkbox_method" time="2.813" /><testcase classname="tests.test_elements.TestCheckboxes" name="test_uncheck_checkbox_method" time="2.762" /><testcase classname="tests.test_elements.TestCheckboxes" name="test_toggle_all_checkboxes" time="2.944" /><testcase classname="tests.test_elements.TestDropdown" name="test_dropdown_initial_state" time="2.680" /><testcase classname="tests.test_elements.TestDropdown" name="test_select_by_value" time="2.910" /><testcase classname="tests.test_elements.TestDropdown" name="test_select_by_text" time="2.899" /><testcase classname="tests.test_elements.TestDropdown" name="test_select_by_index" time="2.793" /><testcase classname="tests.test_elements.TestDropdown" name="test_get_all_options" time="2.750" /><testcase classname="tests.test_elements.TestDropdown" name="test_multiple_selections" time="2.791" /><testcase classname="tests.test_file_upload.TestFileUpload" name="test_upload_text_file" time="3.027" /><testcase classname="tests.test_file_upload.TestFileUpload" name="test_upload_custom_filename" time="3.130" /><testcase classname="tests.test_file_upload.TestFileUpload" name="test_upload_different_file_types" time="4.143" /><testcase classname="tests.test_file_upload.TestFileUpload" name="test_upload_large_file" time="3.006" /><testcase classname="tests.test_file_upload.TestFileUpload" name="test_select_file_without_uploading" time="2.951" /><testcase classname="tests.test_file_upload.TestFileUpload" name="test_upload_empty_file" time="24.130" /><testcase classname="tests.test_file_upload.TestFileUpload" name="test_file_upload_form_elements" time="2.778" /></testsuite></testsuites>