<?xml version="1.0" encoding="utf-8"?><testsuites><testsuite name="pytest" errors="0" failures="0" skipped="0" tests="8" time="65.191" timestamp="2025-09-25T14:02:33.413068" hostname="Rosh"><testcase classname="tests.test_authentication.TestAuthentication" name="test_valid_login" time="6.055" /><testcase classname="tests.test_authentication.TestAuthentication" name="test_invalid_login" time="11.562" /><testcase classname="tests.test_authentication.TestAuthentication" name="test_empty_credentials" time="7.405" /><testcase classname="tests.test_authentication.TestAuthentication" name="test_empty_username" time="6.939" /><testcase classname="tests.test_authentication.TestAuthentication" name="test_empty_password" time="8.489" /><testcase classname="tests.test_authentication.TestAuthentication" name="test_logout_functionality" time="9.581" /><testcase classname="tests.test_authentication.TestAuthentication" name="test_case_sensitive_username" time="7.798" /><testcase classname="tests.test_authentication.TestAuthentication" name="test_case_sensitive_password" time="7.229" /></testsuite></testsuites>